Using pre-set license
Built from '2020.3/staging' branch; Version is '2020.3.18f1 (a7d1c678663c) revision 10998214'; Using compiler version '192528614'; Build Type 'Release'
OS: 'Windows 10 Home; OS build 19042.1165; Version 2009; 64bit' Language: 'fr' Physical Memory: 15789 MB
BatchMode: 1, IsHumanControllingUs: 0, StartBugReporterOnCrash: 0, Is64bit: 1, IsPro: 0

COMMAND LINE ARGUMENTS:
C:\Program Files\UnityVer\2020.3.18f1\Editor\Unity.exe
-adb2
-batchMode
-noUpm
-name
AssetImportWorker0
-projectPath
D:/projects/repoGithub/RemainsOfADreams
-logFile
Logs/AssetImportWorker0.log
-srvPort
56931
Successfully changed project path to: D:/projects/repoGithub/RemainsOfADreams
D:/projects/repoGithub/RemainsOfADreams
Using Asset Import Pipeline V2.
Refreshing native plugins compatible for Editor in 45.26 ms, found 3 plugins.
Preloading 0 native plugins for Editor in 0.00 ms.
Initialize engine version: 2020.3.18f1 (a7d1c678663c)
[Subsystems] Discovering subsystems at path C:/Program Files/UnityVer/2020.3.18f1/Editor/Data/Resources/UnitySubsystems
[Subsystems] Discovering subsystems at path D:/projects/repoGithub/RemainsOfADreams/Assets
GfxDevice: creating device client; threaded=0
Direct3D:
    Version:  Direct3D 11.0 [level 11.1]
    Renderer: NVIDIA GeForce GTX 1660 Ti (ID=0x2191)
    Vendor:   
    VRAM:     5991 MB
    Driver:   27.21.14.6677
Initialize mono
Mono path[0] = 'C:/Program Files/UnityVer/2020.3.18f1/Editor/Data/Managed'
Mono path[1] = 'C:/Program Files/UnityVer/2020.3.18f1/Editor/Data/MonoBleedingEdge/lib/mono/unityjit'
Mono config path = 'C:/Program Files/UnityVer/2020.3.18f1/Editor/Data/MonoBleedingEdge/etc'
Using monoOptions --debugger-agent=transport=dt_socket,embedding=1,server=y,suspend=n,address=127.0.0.1:56680
Begin MonoManager ReloadAssembly
Registering precompiled unity dll's ...
Register platform support module: C:/Program Files/UnityVer/2020.3.18f1/Editor/Data/PlaybackEngines/WindowsStandaloneSupport/UnityEditor.WindowsStandalone.Extensions.dll
Registered in 0.001734 seconds.
Native extension for WindowsStandalone target not found
Refreshing native plugins compatible for Editor in 42.70 ms, found 3 plugins.
Preloading 0 native plugins for Editor in 0.00 ms.
Mono: successfully reloaded assembly
- Completed reload, in  0.979 seconds
Domain Reload Profiling:
	ReloadAssembly (979ms)
		BeginReloadAssembly (51ms)
			ExecutionOrderSort (0ms)
			DisableScriptedObjects (0ms)
			BackupInstance (0ms)
			ReleaseScriptingObjects (0ms)
			CreateAndSetChildDomain (1ms)
		EndReloadAssembly (405ms)
			LoadAssemblies (49ms)
			RebuildTransferFunctionScriptingTraits (0ms)
			SetupTypeCache (140ms)
			ReleaseScriptCaches (0ms)
			RebuildScriptCaches (30ms)
			SetupLoadedEditorAssemblies (163ms)
				LogAssemblyErrors (0ms)
				InitializePlatformSupportModulesInManaged (4ms)
				SetLoadedEditorAssemblies (0ms)
				RefreshPlugins (43ms)
				BeforeProcessingInitializeOnLoad (13ms)
				ProcessInitializeOnLoadAttributes (76ms)
				ProcessInitializeOnLoadMethodAttributes (27ms)
				AfterProcessingInitializeOnLoad (0ms)
				EditorAssembliesLoaded (0ms)
			ExecutionOrderSort2 (0ms)
			AwakeInstancesAfterBackupRestoration (0ms)
Platform modules already initialized, skipping
Registering precompiled user dll's ...
Registered in 0.004317 seconds.
Begin MonoManager ReloadAssembly
Native extension for WindowsStandalone target not found
Refreshing native plugins compatible for Editor in 40.11 ms, found 3 plugins.
Preloading 0 native plugins for Editor in 0.00 ms.
Mono: successfully reloaded assembly
- Completed reload, in  1.124 seconds
Domain Reload Profiling:
	ReloadAssembly (1126ms)
		BeginReloadAssembly (135ms)
			ExecutionOrderSort (0ms)
			DisableScriptedObjects (4ms)
			BackupInstance (0ms)
			ReleaseScriptingObjects (0ms)
			CreateAndSetChildDomain (19ms)
		EndReloadAssembly (925ms)
			LoadAssemblies (104ms)
			RebuildTransferFunctionScriptingTraits (0ms)
			SetupTypeCache (267ms)
			ReleaseScriptCaches (1ms)
			RebuildScriptCaches (46ms)
			SetupLoadedEditorAssemblies (380ms)
				LogAssemblyErrors (0ms)
				InitializePlatformSupportModulesInManaged (4ms)
				SetLoadedEditorAssemblies (0ms)
				RefreshPlugins (40ms)
				BeforeProcessingInitializeOnLoad (116ms)
				ProcessInitializeOnLoadAttributes (200ms)
				ProcessInitializeOnLoadMethodAttributes (15ms)
				AfterProcessingInitializeOnLoad (6ms)
				EditorAssembliesLoaded (0ms)
			ExecutionOrderSort2 (0ms)
			AwakeInstancesAfterBackupRestoration (7ms)
Platform modules already initialized, skipping
========================================================================
Worker process is ready to serve import requests
Launched and connected shader compiler UnityShaderCompiler.exe after 0.07 seconds
Refreshing native plugins compatible for Editor in 0.83 ms, found 3 plugins.
Preloading 0 native plugins for Editor in 0.00 ms.
Unloading 2090 Unused Serialized files (Serialized files now loaded: 0)
System memory in use before: 93.0 MB.
System memory in use after: 93.1 MB.

Unloading 26 unused Assets to reduce memory usage. Loaded Objects now: 2529.
Total: 3.616900 ms (FindLiveObjects: 0.217200 ms CreateObjectMapping: 0.049000 ms MarkObjects: 3.271700 ms  DeleteObjects: 0.077000 ms)

AssetImportParameters requested are different than current active one (requested -> active):
  custom:framework-win-MediaFoundation: 216162199b28c13a410421893ffa2e32 -> 
  custom:video-decoder-ogg-theora: a1e56fd34408186e4bbccfd4996cb3dc -> 
  custom:container-muxer-webm: aa71ff27fc2769a1b78a27578f13a17b -> 
  custom:container-demuxer-webm: 4f35f7cbe854078d1ac9338744f61a02 -> 
  custom:container-demuxer-ogg: 62fdf1f143b41e24485cea50d1cbac27 -> 
  custom:video-encoder-webm-vp8: eb34c28f22e8b96e1ab97ce403110664 -> 
  custom:video-codec-MediaFoundation-h265: 746d11721c4dcdbdad8f713fa42b33f4 -> 
  custom:video-decoder-webm-vp8: 9c59270c3fd7afecdb556c50c9e8de78 -> 
  custom:audio-decoder-ogg-vorbis: bf7c407c2cedff20999df2af8eb42d56 -> 
  custom:audio-encoder-webm-vorbis: bf7c407c2cedff20999df2af8eb42d56 -> 
========================================================================
Received Import Request.
  path: Assets
  artifactKey: Guid(00000000000000001000000000000000) Importer(815301076,1909f56bfc062723c751e8b465ee728b)
Start importing Assets using Guid(00000000000000001000000000000000) Importer(815301076,1909f56bfc062723c751e8b465ee728b)  -> (artifact id: '42d402b061de3733987d63b9cc3b64de') in 0.010029 seconds 
  Import took 0.019062 seconds .

========================================================================
Received Import Request.
  Time since last request: 0.000592 seconds.
  path: Assets/Scenes
  artifactKey: Guid(abbbf3b7cd933c34c96c8d1dcbb0ed5e) Importer(815301076,1909f56bfc062723c751e8b465ee728b)
Start importing Assets/Scenes using Guid(abbbf3b7cd933c34c96c8d1dcbb0ed5e) Importer(815301076,1909f56bfc062723c751e8b465ee728b)  -> (artifact id: 'b06e22df6912ea2a543c30136acd94c1') in 0.008260 seconds 
  Import took 0.012885 seconds .

========================================================================
Received Import Request.
  Time since last request: 6.752290 seconds.
  path: Assets/Asset
  artifactKey: Guid(969492560f434df4f90e9be77852e028) Importer(815301076,1909f56bfc062723c751e8b465ee728b)
Start importing Assets/Asset using Guid(969492560f434df4f90e9be77852e028) Importer(815301076,1909f56bfc062723c751e8b465ee728b)  -> (artifact id: 'bcbabb2bddfc725310fd2d13dfda50eb') in 0.008143 seconds 
  Import took 0.011969 seconds .

========================================================================
Received Import Request.
  Time since last request: 4.031271 seconds.
  path: Assets/Script
  artifactKey: Guid(8b9bd4557a6cb3147908b160b786f670) Importer(815301076,1909f56bfc062723c751e8b465ee728b)
Start importing Assets/Script using Guid(8b9bd4557a6cb3147908b160b786f670) Importer(815301076,1909f56bfc062723c751e8b465ee728b)  -> (artifact id: 'd460b9404dca2f4ca1e222a63a871931') in 0.007387 seconds 
  Import took 0.011243 seconds .

========================================================================
Received Import Request.
  Time since last request: 17.749582 seconds.
  path: Assets/Scenes/Protypage_mechanics.unity
  artifactKey: Guid(ad238b10b4cbc8a4197ab7f1c6a2212b) Importer(815301076,1909f56bfc062723c751e8b465ee728b)
Start importing Assets/Scenes/Protypage_mechanics.unity using Guid(ad238b10b4cbc8a4197ab7f1c6a2212b) Importer(815301076,1909f56bfc062723c751e8b465ee728b)  -> (artifact id: 'a67a170d02305592ef66d1d53890714f') in 0.015637 seconds 
  Import took 0.019247 seconds .

========================================================================
Received Import Request.
  Time since last request: 0.000642 seconds.
  path: Assets/Scenes/Protypage_mechanics.unity
  artifactKey: Guid(ad238b10b4cbc8a4197ab7f1c6a2212b) Importer(815301076,1909f56bfc062723c751e8b465ee728b)
Start importing Assets/Scenes/Protypage_mechanics.unity using Guid(ad238b10b4cbc8a4197ab7f1c6a2212b) Importer(815301076,1909f56bfc062723c751e8b465ee728b)  -> (artifact id: 'a67a170d02305592ef66d1d53890714f') in 0.003513 seconds 
  Import took 0.007251 seconds .

========================================================================
Received Import Request.
  Time since last request: 27.949389 seconds.
  path: Assets/Scenes/Integration_test.unity
  artifactKey: Guid(c5c76b360f584aa4bbe6d6fa56e183ff) Importer(815301076,1909f56bfc062723c751e8b465ee728b)
Start importing Assets/Scenes/Integration_test.unity using Guid(c5c76b360f584aa4bbe6d6fa56e183ff) Importer(815301076,1909f56bfc062723c751e8b465ee728b)  -> (artifact id: '5753bf685d7af260171f168d5b6c0ddd') in 0.007858 seconds 
  Import took 0.011144 seconds .

========================================================================
Received Import Request.
  Time since last request: 1.479737 seconds.
  path: Assets/Scenes/SampleScene.unity
  artifactKey: Guid(2cda990e2423bbf4892e6590ba056729) Importer(815301076,1909f56bfc062723c751e8b465ee728b)
Start importing Assets/Scenes/SampleScene.unity using Guid(2cda990e2423bbf4892e6590ba056729) Importer(815301076,1909f56bfc062723c751e8b465ee728b)  -> (artifact id: 'aa27944bdea339c97c39027c7eea529c') in 0.006772 seconds 
  Import took 0.015046 seconds .

========================================================================
Received Import Request.
  Time since last request: 13.733027 seconds.
  path: Assets/Scenes/Main_Scene.unity
  artifactKey: Guid(8c85a54d279980743b48d0e3b63628db) Importer(815301076,1909f56bfc062723c751e8b465ee728b)
Start importing Assets/Scenes/Main_Scene.unity using Guid(8c85a54d279980743b48d0e3b63628db) Importer(815301076,1909f56bfc062723c751e8b465ee728b)  -> (artifact id: 'bac0bc9a187ba6ea960b0d634647ec37') in 0.006906 seconds 
  Import took 0.010316 seconds .

========================================================================
Received Import Request.
  Time since last request: 13.264797 seconds.
  path: Assets/Scenes/Protypage_Scene.unity
  artifactKey: Guid(ad238b10b4cbc8a4197ab7f1c6a2212b) Importer(815301076,1909f56bfc062723c751e8b465ee728b)
Start importing Assets/Scenes/Protypage_Scene.unity using Guid(ad238b10b4cbc8a4197ab7f1c6a2212b) Importer(815301076,1909f56bfc062723c751e8b465ee728b)  -> (artifact id: '3470394f25b9d5ca0993ab257277e209') in 0.008926 seconds 
  Import took 0.017393 seconds .

========================================================================
Received Import Request.
  Time since last request: 8.231748 seconds.
  path: Assets/Scenes/Integration_scene.unity
  artifactKey: Guid(c5c76b360f584aa4bbe6d6fa56e183ff) Importer(815301076,1909f56bfc062723c751e8b465ee728b)
Start importing Assets/Scenes/Integration_scene.unity using Guid(c5c76b360f584aa4bbe6d6fa56e183ff) Importer(815301076,1909f56bfc062723c751e8b465ee728b)  -> (artifact id: '7b66ac14b110aac2c8cba3fe85ec8ac3') in 0.008483 seconds 
  Import took 0.011692 seconds .

========================================================================
Received Import Request.
  Time since last request: 7.774067 seconds.
  path: Assets/Scenes/Integration_Scene.unity
  artifactKey: Guid(c5c76b360f584aa4bbe6d6fa56e183ff) Importer(815301076,1909f56bfc062723c751e8b465ee728b)
Start importing Assets/Scenes/Integration_Scene.unity using Guid(c5c76b360f584aa4bbe6d6fa56e183ff) Importer(815301076,1909f56bfc062723c751e8b465ee728b)  -> (artifact id: 'a6edfc31109b91a857b08e9dcc18ea63') in 0.008168 seconds 
  Import took 0.011187 seconds .

