Using pre-set license
Built from '2020.3/staging' branch; Version is '2020.3.18f1 (a7d1c678663c) revision 10998214'; Using compiler version '192528614'; Build Type 'Release'
OS: 'Windows 10 Home; OS build 19042.1165; Version 2009; 64bit' Language: 'fr' Physical Memory: 15789 MB
BatchMode: 1, IsHumanControllingUs: 0, StartBugReporterOnCrash: 0, Is64bit: 1, IsPro: 0

COMMAND LINE ARGUMENTS:
C:\Program Files\UnityVer\2020.3.18f1\Editor\Unity.exe
-adb2
-batchMode
-noUpm
-name
AssetImportWorker0
-projectPath
D:/projects/repoGithub/RemainsOfADreams
-logFile
Logs/AssetImportWorker0.log
-srvPort
65037
Successfully changed project path to: D:/projects/repoGithub/RemainsOfADreams
D:/projects/repoGithub/RemainsOfADreams
Using Asset Import Pipeline V2.
Refreshing native plugins compatible for Editor in 50.98 ms, found 3 plugins.
Preloading 0 native plugins for Editor in 0.00 ms.
Initialize engine version: 2020.3.18f1 (a7d1c678663c)
[Subsystems] Discovering subsystems at path C:/Program Files/UnityVer/2020.3.18f1/Editor/Data/Resources/UnitySubsystems
[Subsystems] Discovering subsystems at path D:/projects/repoGithub/RemainsOfADreams/Assets
GfxDevice: creating device client; threaded=0
Direct3D:
    Version:  Direct3D 11.0 [level 11.1]
    Renderer: NVIDIA GeForce GTX 1660 Ti (ID=0x2191)
    Vendor:   
    VRAM:     5991 MB
    Driver:   27.21.14.6677
Initialize mono
Mono path[0] = 'C:/Program Files/UnityVer/2020.3.18f1/Editor/Data/Managed'
Mono path[1] = 'C:/Program Files/UnityVer/2020.3.18f1/Editor/Data/MonoBleedingEdge/lib/mono/unityjit'
Mono config path = 'C:/Program Files/UnityVer/2020.3.18f1/Editor/Data/MonoBleedingEdge/etc'
Using monoOptions --debugger-agent=transport=dt_socket,embedding=1,server=y,suspend=n,address=127.0.0.1:56232
Begin MonoManager ReloadAssembly
Registering precompiled unity dll's ...
Register platform support module: C:/Program Files/UnityVer/2020.3.18f1/Editor/Data/PlaybackEngines/WindowsStandaloneSupport/UnityEditor.WindowsStandalone.Extensions.dll
Registered in 0.001706 seconds.
Native extension for WindowsStandalone target not found
Refreshing native plugins compatible for Editor in 51.05 ms, found 3 plugins.
Preloading 0 native plugins for Editor in 0.00 ms.
Mono: successfully reloaded assembly
- Completed reload, in  0.981 seconds
Domain Reload Profiling:
	ReloadAssembly (982ms)
		BeginReloadAssembly (48ms)
			ExecutionOrderSort (0ms)
			DisableScriptedObjects (0ms)
			BackupInstance (0ms)
			ReleaseScriptingObjects (0ms)
			CreateAndSetChildDomain (1ms)
		EndReloadAssembly (413ms)
			LoadAssemblies (46ms)
			RebuildTransferFunctionScriptingTraits (0ms)
			SetupTypeCache (136ms)
			ReleaseScriptCaches (0ms)
			RebuildScriptCaches (30ms)
			SetupLoadedEditorAssemblies (171ms)
				LogAssemblyErrors (0ms)
				InitializePlatformSupportModulesInManaged (4ms)
				SetLoadedEditorAssemblies (0ms)
				RefreshPlugins (51ms)
				BeforeProcessingInitializeOnLoad (12ms)
				ProcessInitializeOnLoadAttributes (77ms)
				ProcessInitializeOnLoadMethodAttributes (27ms)
				AfterProcessingInitializeOnLoad (0ms)
				EditorAssembliesLoaded (0ms)
			ExecutionOrderSort2 (0ms)
			AwakeInstancesAfterBackupRestoration (0ms)
Platform modules already initialized, skipping
Registering precompiled user dll's ...
Registered in 0.004042 seconds.
Begin MonoManager ReloadAssembly
Native extension for WindowsStandalone target not found
Refreshing native plugins compatible for Editor in 50.75 ms, found 3 plugins.
Preloading 0 native plugins for Editor in 0.00 ms.
Mono: successfully reloaded assembly
- Completed reload, in  1.196 seconds
Domain Reload Profiling:
	ReloadAssembly (1198ms)
		BeginReloadAssembly (129ms)
			ExecutionOrderSort (0ms)
			DisableScriptedObjects (4ms)
			BackupInstance (0ms)
			ReleaseScriptingObjects (0ms)
			CreateAndSetChildDomain (17ms)
		EndReloadAssembly (1003ms)
			LoadAssemblies (109ms)
			RebuildTransferFunctionScriptingTraits (0ms)
			SetupTypeCache (293ms)
			ReleaseScriptCaches (1ms)
			RebuildScriptCaches (51ms)
			SetupLoadedEditorAssemblies (428ms)
				LogAssemblyErrors (0ms)
				InitializePlatformSupportModulesInManaged (3ms)
				SetLoadedEditorAssemblies (0ms)
				RefreshPlugins (51ms)
				BeforeProcessingInitializeOnLoad (129ms)
				ProcessInitializeOnLoadAttributes (225ms)
				ProcessInitializeOnLoadMethodAttributes (14ms)
				AfterProcessingInitializeOnLoad (6ms)
				EditorAssembliesLoaded (0ms)
			ExecutionOrderSort2 (0ms)
			AwakeInstancesAfterBackupRestoration (6ms)
Platform modules already initialized, skipping
========================================================================
Worker process is ready to serve import requests
Launched and connected shader compiler UnityShaderCompiler.exe after 0.05 seconds
Refreshing native plugins compatible for Editor in 0.65 ms, found 3 plugins.
Preloading 0 native plugins for Editor in 0.00 ms.
Unloading 2570 Unused Serialized files (Serialized files now loaded: 0)
System memory in use before: 110.2 MB.
System memory in use after: 110.4 MB.

Unloading 29 unused Assets to reduce memory usage. Loaded Objects now: 3011.
Total: 3.518700 ms (FindLiveObjects: 0.301200 ms CreateObjectMapping: 0.068800 ms MarkObjects: 3.071300 ms  DeleteObjects: 0.075800 ms)

AssetImportParameters requested are different than current active one (requested -> active):
  custom:framework-win-MediaFoundation: 216162199b28c13a410421893ffa2e32 -> 
  custom:video-decoder-ogg-theora: a1e56fd34408186e4bbccfd4996cb3dc -> 
  custom:container-muxer-webm: aa71ff27fc2769a1b78a27578f13a17b -> 
  custom:container-demuxer-webm: 4f35f7cbe854078d1ac9338744f61a02 -> 
  custom:container-demuxer-ogg: 62fdf1f143b41e24485cea50d1cbac27 -> 
  custom:video-encoder-webm-vp8: eb34c28f22e8b96e1ab97ce403110664 -> 
  custom:video-codec-MediaFoundation-h265: 746d11721c4dcdbdad8f713fa42b33f4 -> 
  custom:video-decoder-webm-vp8: 9c59270c3fd7afecdb556c50c9e8de78 -> 
  custom:audio-decoder-ogg-vorbis: bf7c407c2cedff20999df2af8eb42d56 -> 
  custom:audio-encoder-webm-vorbis: bf7c407c2cedff20999df2af8eb42d56 -> 
========================================================================
Received Import Request.
  path: Assets/LeanTween
  artifactKey: Guid(5e6a0fa47acf54892bbdae89028eaec3) Importer(815301076,1909f56bfc062723c751e8b465ee728b)
Start importing Assets/LeanTween using Guid(5e6a0fa47acf54892bbdae89028eaec3) Importer(815301076,1909f56bfc062723c751e8b465ee728b)  -> (artifact id: 'a11d48d874f6bc25ec1059faf5fcea4f') in 0.010184 seconds 
  Import took 0.014186 seconds .

========================================================================
Received Import Request.
  Time since last request: 104.495155 seconds.
  path: Assets/Script/CharacterController.cs
  artifactKey: Guid(67491c63e6ae1744f8adace998301212) Importer(815301076,1909f56bfc062723c751e8b465ee728b)
Start importing Assets/Script/CharacterController.cs using Guid(67491c63e6ae1744f8adace998301212) Importer(815301076,1909f56bfc062723c751e8b465ee728b)  -> (artifact id: '51c38a1bace2c8e258a9ccdf15a32d0e') in 0.030471 seconds 
  Import took 0.034106 seconds .

========================================================================
Received Prepare
Registering precompiled user dll's ...
Registered in 0.004619 seconds.
Begin MonoManager ReloadAssembly
Native extension for WindowsStandalone target not found
Refreshing native plugins compatible for Editor in 0.54 ms, found 3 plugins.
Preloading 0 native plugins for Editor in 0.00 ms.
Mono: successfully reloaded assembly
- Completed reload, in  1.051 seconds
Domain Reload Profiling:
	ReloadAssembly (1051ms)
		BeginReloadAssembly (109ms)
			ExecutionOrderSort (0ms)
			DisableScriptedObjects (6ms)
			BackupInstance (0ms)
			ReleaseScriptingObjects (0ms)
			CreateAndSetChildDomain (33ms)
		EndReloadAssembly (881ms)
			LoadAssemblies (98ms)
			RebuildTransferFunctionScriptingTraits (0ms)
			SetupTypeCache (265ms)
			ReleaseScriptCaches (1ms)
			RebuildScriptCaches (42ms)
			SetupLoadedEditorAssemblies (364ms)
				LogAssemblyErrors (0ms)
				InitializePlatformSupportModulesInManaged (4ms)
				SetLoadedEditorAssemblies (0ms)
				RefreshPlugins (1ms)
				BeforeProcessingInitializeOnLoad (136ms)
				ProcessInitializeOnLoadAttributes (210ms)
				ProcessInitializeOnLoadMethodAttributes (7ms)
				AfterProcessingInitializeOnLoad (6ms)
				EditorAssembliesLoaded (0ms)
			ExecutionOrderSort2 (0ms)
			AwakeInstancesAfterBackupRestoration (10ms)
Platform modules already initialized, skipping
Refreshing native plugins compatible for Editor in 0.63 ms, found 3 plugins.
Preloading 0 native plugins for Editor in 0.00 ms.
Unloading 2558 Unused Serialized files (Serialized files now loaded: 0)
System memory in use before: 109.7 MB.
System memory in use after: 110.0 MB.

Unloading 15 unused Assets to reduce memory usage. Loaded Objects now: 3015.
Total: 3.688500 ms (FindLiveObjects: 0.376000 ms CreateObjectMapping: 0.120800 ms MarkObjects: 3.160500 ms  DeleteObjects: 0.029700 ms)

AssetImportParameters requested are different than current active one (requested -> active):
  custom:framework-win-MediaFoundation: 216162199b28c13a410421893ffa2e32 -> 
  custom:video-decoder-ogg-theora: a1e56fd34408186e4bbccfd4996cb3dc -> 
  custom:container-muxer-webm: aa71ff27fc2769a1b78a27578f13a17b -> 
  custom:container-demuxer-webm: 4f35f7cbe854078d1ac9338744f61a02 -> 
  custom:container-demuxer-ogg: 62fdf1f143b41e24485cea50d1cbac27 -> 
  custom:video-encoder-webm-vp8: eb34c28f22e8b96e1ab97ce403110664 -> 
  custom:video-codec-MediaFoundation-h265: 746d11721c4dcdbdad8f713fa42b33f4 -> 
  custom:video-decoder-webm-vp8: 9c59270c3fd7afecdb556c50c9e8de78 -> 
  custom:audio-decoder-ogg-vorbis: bf7c407c2cedff20999df2af8eb42d56 -> 
  custom:audio-encoder-webm-vorbis: bf7c407c2cedff20999df2af8eb42d56 -> 
========================================================================
Received Import Request.
  Time since last request: 8.851386 seconds.
  path: Assets/Script/PlayerController.cs
  artifactKey: Guid(67491c63e6ae1744f8adace998301212) Importer(815301076,1909f56bfc062723c751e8b465ee728b)
Start importing Assets/Script/PlayerController.cs using Guid(67491c63e6ae1744f8adace998301212) Importer(815301076,1909f56bfc062723c751e8b465ee728b)  -> (artifact id: '37ae15acf0c58ff02b8d3f874c049631') in 0.010580 seconds 
  Import took 0.014576 seconds .

========================================================================
Received Prepare
Registering precompiled user dll's ...
Registered in 0.003972 seconds.
Begin MonoManager ReloadAssembly
Native extension for WindowsStandalone target not found
Refreshing native plugins compatible for Editor in 0.54 ms, found 3 plugins.
Preloading 0 native plugins for Editor in 0.00 ms.
Mono: successfully reloaded assembly
- Completed reload, in  1.057 seconds
Domain Reload Profiling:
	ReloadAssembly (1058ms)
		BeginReloadAssembly (118ms)
			ExecutionOrderSort (0ms)
			DisableScriptedObjects (5ms)
			BackupInstance (0ms)
			ReleaseScriptingObjects (0ms)
			CreateAndSetChildDomain (33ms)
		EndReloadAssembly (877ms)
			LoadAssemblies (101ms)
			RebuildTransferFunctionScriptingTraits (0ms)
			SetupTypeCache (268ms)
			ReleaseScriptCaches (1ms)
			RebuildScriptCaches (42ms)
			SetupLoadedEditorAssemblies (356ms)
				LogAssemblyErrors (0ms)
				InitializePlatformSupportModulesInManaged (4ms)
				SetLoadedEditorAssemblies (1ms)
				RefreshPlugins (1ms)
				BeforeProcessingInitializeOnLoad (139ms)
				ProcessInitializeOnLoadAttributes (200ms)
				ProcessInitializeOnLoadMethodAttributes (5ms)
				AfterProcessingInitializeOnLoad (5ms)
				EditorAssembliesLoaded (0ms)
			ExecutionOrderSort2 (0ms)
			AwakeInstancesAfterBackupRestoration (9ms)
Platform modules already initialized, skipping
Refreshing native plugins compatible for Editor in 0.54 ms, found 3 plugins.
Preloading 0 native plugins for Editor in 0.00 ms.
Unloading 2558 Unused Serialized files (Serialized files now loaded: 0)
System memory in use before: 109.8 MB.
System memory in use after: 110.0 MB.

Unloading 15 unused Assets to reduce memory usage. Loaded Objects now: 3018.
Total: 3.464900 ms (FindLiveObjects: 0.359900 ms CreateObjectMapping: 0.110200 ms MarkObjects: 2.969100 ms  DeleteObjects: 0.023900 ms)

AssetImportParameters requested are different than current active one (requested -> active):
  custom:framework-win-MediaFoundation: 216162199b28c13a410421893ffa2e32 -> 
  custom:video-decoder-ogg-theora: a1e56fd34408186e4bbccfd4996cb3dc -> 
  custom:container-muxer-webm: aa71ff27fc2769a1b78a27578f13a17b -> 
  custom:container-demuxer-webm: 4f35f7cbe854078d1ac9338744f61a02 -> 
  custom:container-demuxer-ogg: 62fdf1f143b41e24485cea50d1cbac27 -> 
  custom:video-encoder-webm-vp8: eb34c28f22e8b96e1ab97ce403110664 -> 
  custom:video-codec-MediaFoundation-h265: 746d11721c4dcdbdad8f713fa42b33f4 -> 
  custom:video-decoder-webm-vp8: 9c59270c3fd7afecdb556c50c9e8de78 -> 
  custom:audio-decoder-ogg-vorbis: bf7c407c2cedff20999df2af8eb42d56 -> 
  custom:audio-encoder-webm-vorbis: bf7c407c2cedff20999df2af8eb42d56 -> 
========================================================================
Received Prepare
Registering precompiled user dll's ...
Registered in 0.004068 seconds.
Begin MonoManager ReloadAssembly
Native extension for WindowsStandalone target not found
Refreshing native plugins compatible for Editor in 0.55 ms, found 3 plugins.
Preloading 0 native plugins for Editor in 0.00 ms.
Mono: successfully reloaded assembly
- Completed reload, in  1.096 seconds
Domain Reload Profiling:
	ReloadAssembly (1097ms)
		BeginReloadAssembly (120ms)
			ExecutionOrderSort (0ms)
			DisableScriptedObjects (7ms)
			BackupInstance (0ms)
			ReleaseScriptingObjects (0ms)
			CreateAndSetChildDomain (33ms)
		EndReloadAssembly (911ms)
			LoadAssemblies (112ms)
			RebuildTransferFunctionScriptingTraits (0ms)
			SetupTypeCache (281ms)
			ReleaseScriptCaches (1ms)
			RebuildScriptCaches (43ms)
			SetupLoadedEditorAssemblies (361ms)
				LogAssemblyErrors (0ms)
				InitializePlatformSupportModulesInManaged (4ms)
				SetLoadedEditorAssemblies (0ms)
				RefreshPlugins (1ms)
				BeforeProcessingInitializeOnLoad (145ms)
				ProcessInitializeOnLoadAttributes (201ms)
				ProcessInitializeOnLoadMethodAttributes (5ms)
				AfterProcessingInitializeOnLoad (5ms)
				EditorAssembliesLoaded (0ms)
			ExecutionOrderSort2 (0ms)
			AwakeInstancesAfterBackupRestoration (9ms)
Platform modules already initialized, skipping
Refreshing native plugins compatible for Editor in 0.51 ms, found 3 plugins.
Preloading 0 native plugins for Editor in 0.00 ms.
Unloading 2558 Unused Serialized files (Serialized files now loaded: 0)
System memory in use before: 109.8 MB.
System memory in use after: 110.0 MB.

Unloading 15 unused Assets to reduce memory usage. Loaded Objects now: 3021.
Total: 4.156300 ms (FindLiveObjects: 0.335300 ms CreateObjectMapping: 0.143700 ms MarkObjects: 3.656300 ms  DeleteObjects: 0.019800 ms)

AssetImportParameters requested are different than current active one (requested -> active):
  custom:framework-win-MediaFoundation: 216162199b28c13a410421893ffa2e32 -> 
  custom:video-decoder-ogg-theora: a1e56fd34408186e4bbccfd4996cb3dc -> 
  custom:container-muxer-webm: aa71ff27fc2769a1b78a27578f13a17b -> 
  custom:container-demuxer-webm: 4f35f7cbe854078d1ac9338744f61a02 -> 
  custom:container-demuxer-ogg: 62fdf1f143b41e24485cea50d1cbac27 -> 
  custom:video-encoder-webm-vp8: eb34c28f22e8b96e1ab97ce403110664 -> 
  custom:video-codec-MediaFoundation-h265: 746d11721c4dcdbdad8f713fa42b33f4 -> 
  custom:video-decoder-webm-vp8: 9c59270c3fd7afecdb556c50c9e8de78 -> 
  custom:audio-decoder-ogg-vorbis: bf7c407c2cedff20999df2af8eb42d56 -> 
  custom:audio-encoder-webm-vorbis: bf7c407c2cedff20999df2af8eb42d56 -> 
========================================================================
Received Import Request.
  Time since last request: 34.588254 seconds.
  path: Assets/Script/PlayerController.cs
  artifactKey: Guid(67491c63e6ae1744f8adace998301212) Importer(815301076,1909f56bfc062723c751e8b465ee728b)
Start importing Assets/Script/PlayerController.cs using Guid(67491c63e6ae1744f8adace998301212) Importer(815301076,1909f56bfc062723c751e8b465ee728b)  -> (artifact id: '220c317b42727b44becb380fabb1fdf7') in 0.009537 seconds 
  Import took 0.013481 seconds .

========================================================================
Received Prepare
Registering precompiled user dll's ...
Registered in 0.004765 seconds.
Begin MonoManager ReloadAssembly
Native extension for WindowsStandalone target not found
Refreshing native plugins compatible for Editor in 0.54 ms, found 3 plugins.
Preloading 0 native plugins for Editor in 0.00 ms.
Mono: successfully reloaded assembly
- Completed reload, in  1.068 seconds
Domain Reload Profiling:
	ReloadAssembly (1069ms)
		BeginReloadAssembly (107ms)
			ExecutionOrderSort (0ms)
			DisableScriptedObjects (6ms)
			BackupInstance (0ms)
			ReleaseScriptingObjects (0ms)
			CreateAndSetChildDomain (32ms)
		EndReloadAssembly (897ms)
			LoadAssemblies (102ms)
			RebuildTransferFunctionScriptingTraits (0ms)
			SetupTypeCache (274ms)
			ReleaseScriptCaches (1ms)
			RebuildScriptCaches (42ms)
			SetupLoadedEditorAssemblies (363ms)
				LogAssemblyErrors (0ms)
				InitializePlatformSupportModulesInManaged (4ms)
				SetLoadedEditorAssemblies (0ms)
				RefreshPlugins (1ms)
				BeforeProcessingInitializeOnLoad (144ms)
				ProcessInitializeOnLoadAttributes (204ms)
				ProcessInitializeOnLoadMethodAttributes (5ms)
				AfterProcessingInitializeOnLoad (6ms)
				EditorAssembliesLoaded (0ms)
			ExecutionOrderSort2 (0ms)
			AwakeInstancesAfterBackupRestoration (9ms)
Platform modules already initialized, skipping
Refreshing native plugins compatible for Editor in 0.51 ms, found 3 plugins.
Preloading 0 native plugins for Editor in 0.00 ms.
Unloading 2557 Unused Serialized files (Serialized files now loaded: 0)
System memory in use before: 109.8 MB.
System memory in use after: 110.0 MB.

Unloading 16 unused Assets to reduce memory usage. Loaded Objects now: 3023.
Total: 4.078500 ms (FindLiveObjects: 0.327400 ms CreateObjectMapping: 0.121000 ms MarkObjects: 3.594200 ms  DeleteObjects: 0.034300 ms)

AssetImportParameters requested are different than current active one (requested -> active):
  custom:framework-win-MediaFoundation: 216162199b28c13a410421893ffa2e32 -> 
  custom:video-decoder-ogg-theora: a1e56fd34408186e4bbccfd4996cb3dc -> 
  custom:container-muxer-webm: aa71ff27fc2769a1b78a27578f13a17b -> 
  custom:container-demuxer-webm: 4f35f7cbe854078d1ac9338744f61a02 -> 
  custom:container-demuxer-ogg: 62fdf1f143b41e24485cea50d1cbac27 -> 
  custom:video-encoder-webm-vp8: eb34c28f22e8b96e1ab97ce403110664 -> 
  custom:video-codec-MediaFoundation-h265: 746d11721c4dcdbdad8f713fa42b33f4 -> 
  custom:video-decoder-webm-vp8: 9c59270c3fd7afecdb556c50c9e8de78 -> 
  custom:audio-decoder-ogg-vorbis: bf7c407c2cedff20999df2af8eb42d56 -> 
  custom:audio-encoder-webm-vorbis: bf7c407c2cedff20999df2af8eb42d56 -> 
========================================================================
Received Import Request.
  Time since last request: 17.962599 seconds.
  path: Assets/Script/Player.cs
  artifactKey: Guid(b15a538830e77634a9ea302cb3d16769) Importer(815301076,1909f56bfc062723c751e8b465ee728b)
Start importing Assets/Script/Player.cs using Guid(b15a538830e77634a9ea302cb3d16769) Importer(815301076,1909f56bfc062723c751e8b465ee728b)  -> (artifact id: '282bca1e3e42567397350d2a183709fc') in 0.011073 seconds 
  Import took 0.015415 seconds .

========================================================================
Received Prepare
Registering precompiled user dll's ...
Registered in 0.003730 seconds.
Begin MonoManager ReloadAssembly
Native extension for WindowsStandalone target not found
Refreshing native plugins compatible for Editor in 0.51 ms, found 3 plugins.
Preloading 0 native plugins for Editor in 0.00 ms.
Mono: successfully reloaded assembly
- Completed reload, in  1.089 seconds
Domain Reload Profiling:
	ReloadAssembly (1090ms)
		BeginReloadAssembly (107ms)
			ExecutionOrderSort (0ms)
			DisableScriptedObjects (5ms)
			BackupInstance (0ms)
			ReleaseScriptingObjects (0ms)
			CreateAndSetChildDomain (33ms)
		EndReloadAssembly (919ms)
			LoadAssemblies (103ms)
			RebuildTransferFunctionScriptingTraits (0ms)
			SetupTypeCache (266ms)
			ReleaseScriptCaches (1ms)
			RebuildScriptCaches (42ms)
			SetupLoadedEditorAssemblies (398ms)
				LogAssemblyErrors (0ms)
				InitializePlatformSupportModulesInManaged (4ms)
				SetLoadedEditorAssemblies (0ms)
				RefreshPlugins (1ms)
				BeforeProcessingInitializeOnLoad (173ms)
				ProcessInitializeOnLoadAttributes (209ms)
				ProcessInitializeOnLoadMethodAttributes (5ms)
				AfterProcessingInitializeOnLoad (5ms)
				EditorAssembliesLoaded (0ms)
			ExecutionOrderSort2 (0ms)
			AwakeInstancesAfterBackupRestoration (8ms)
Platform modules already initialized, skipping
Refreshing native plugins compatible for Editor in 0.53 ms, found 3 plugins.
Preloading 0 native plugins for Editor in 0.00 ms.
Unloading 2557 Unused Serialized files (Serialized files now loaded: 0)
System memory in use before: 109.7 MB.
System memory in use after: 110.0 MB.

Unloading 15 unused Assets to reduce memory usage. Loaded Objects now: 3026.
Total: 3.550800 ms (FindLiveObjects: 0.259900 ms CreateObjectMapping: 0.066200 ms MarkObjects: 3.199600 ms  DeleteObjects: 0.023800 ms)

AssetImportParameters requested are different than current active one (requested -> active):
  custom:framework-win-MediaFoundation: 216162199b28c13a410421893ffa2e32 -> 
  custom:video-decoder-ogg-theora: a1e56fd34408186e4bbccfd4996cb3dc -> 
  custom:container-muxer-webm: aa71ff27fc2769a1b78a27578f13a17b -> 
  custom:container-demuxer-webm: 4f35f7cbe854078d1ac9338744f61a02 -> 
  custom:container-demuxer-ogg: 62fdf1f143b41e24485cea50d1cbac27 -> 
  custom:video-encoder-webm-vp8: eb34c28f22e8b96e1ab97ce403110664 -> 
  custom:video-codec-MediaFoundation-h265: 746d11721c4dcdbdad8f713fa42b33f4 -> 
  custom:video-decoder-webm-vp8: 9c59270c3fd7afecdb556c50c9e8de78 -> 
  custom:audio-decoder-ogg-vorbis: bf7c407c2cedff20999df2af8eb42d56 -> 
  custom:audio-encoder-webm-vorbis: bf7c407c2cedff20999df2af8eb42d56 -> 
========================================================================
Received Prepare
Registering precompiled user dll's ...
Registered in 0.003952 seconds.
Begin MonoManager ReloadAssembly
Native extension for WindowsStandalone target not found
Refreshing native plugins compatible for Editor in 0.53 ms, found 3 plugins.
Preloading 0 native plugins for Editor in 0.00 ms.
Mono: successfully reloaded assembly
- Completed reload, in  1.052 seconds
Domain Reload Profiling:
	ReloadAssembly (1052ms)
		BeginReloadAssembly (110ms)
			ExecutionOrderSort (0ms)
			DisableScriptedObjects (5ms)
			BackupInstance (0ms)
			ReleaseScriptingObjects (0ms)
			CreateAndSetChildDomain (33ms)
		EndReloadAssembly (880ms)
			LoadAssemblies (99ms)
			RebuildTransferFunctionScriptingTraits (0ms)
			SetupTypeCache (268ms)
			ReleaseScriptCaches (1ms)
			RebuildScriptCaches (41ms)
			SetupLoadedEditorAssemblies (359ms)
				LogAssemblyErrors (0ms)
				InitializePlatformSupportModulesInManaged (4ms)
				SetLoadedEditorAssemblies (0ms)
				RefreshPlugins (1ms)
				BeforeProcessingInitializeOnLoad (141ms)
				ProcessInitializeOnLoadAttributes (202ms)
				ProcessInitializeOnLoadMethodAttributes (5ms)
				AfterProcessingInitializeOnLoad (6ms)
				EditorAssembliesLoaded (0ms)
			ExecutionOrderSort2 (0ms)
			AwakeInstancesAfterBackupRestoration (9ms)
Platform modules already initialized, skipping
Refreshing native plugins compatible for Editor in 0.53 ms, found 3 plugins.
Preloading 0 native plugins for Editor in 0.00 ms.
Unloading 2557 Unused Serialized files (Serialized files now loaded: 0)
System memory in use before: 109.8 MB.
System memory in use after: 110.1 MB.

Unloading 15 unused Assets to reduce memory usage. Loaded Objects now: 3029.
Total: 3.479300 ms (FindLiveObjects: 0.270100 ms CreateObjectMapping: 0.066800 ms MarkObjects: 3.118000 ms  DeleteObjects: 0.023100 ms)

AssetImportParameters requested are different than current active one (requested -> active):
  custom:framework-win-MediaFoundation: 216162199b28c13a410421893ffa2e32 -> 
  custom:video-decoder-ogg-theora: a1e56fd34408186e4bbccfd4996cb3dc -> 
  custom:container-muxer-webm: aa71ff27fc2769a1b78a27578f13a17b -> 
  custom:container-demuxer-webm: 4f35f7cbe854078d1ac9338744f61a02 -> 
  custom:container-demuxer-ogg: 62fdf1f143b41e24485cea50d1cbac27 -> 
  custom:video-encoder-webm-vp8: eb34c28f22e8b96e1ab97ce403110664 -> 
  custom:video-codec-MediaFoundation-h265: 746d11721c4dcdbdad8f713fa42b33f4 -> 
  custom:video-decoder-webm-vp8: 9c59270c3fd7afecdb556c50c9e8de78 -> 
  custom:audio-decoder-ogg-vorbis: bf7c407c2cedff20999df2af8eb42d56 -> 
  custom:audio-encoder-webm-vorbis: bf7c407c2cedff20999df2af8eb42d56 -> 
========================================================================
Received Import Request.
  Time since last request: 9.710759 seconds.
  path: Packages/com.unity.ide.vscode
  artifactKey: Guid(1c61a04a5b7737c4d16673d64be4194e) Importer(815301076,1909f56bfc062723c751e8b465ee728b)
Start importing Packages/com.unity.ide.vscode using Guid(1c61a04a5b7737c4d16673d64be4194e) Importer(815301076,1909f56bfc062723c751e8b465ee728b)  -> (artifact id: '6eb59e90e7b94b511476370c7399373e') in 0.010103 seconds 
  Import took 0.013783 seconds .

========================================================================
Received Import Request.
  Time since last request: 0.000165 seconds.
  path: Packages/com.unity.ugui
  artifactKey: Guid(8f7652e09069a1943278893d4264401e) Importer(815301076,1909f56bfc062723c751e8b465ee728b)
Start importing Packages/com.unity.ugui using Guid(8f7652e09069a1943278893d4264401e) Importer(815301076,1909f56bfc062723c751e8b465ee728b)  -> (artifact id: '9be8eef517426cf4e5d1ef023f0f7cab') in 0.006645 seconds 
  Import took 0.010182 seconds .

========================================================================
Received Prepare
Registering precompiled user dll's ...
Registered in 0.004978 seconds.
Begin MonoManager ReloadAssembly
Native extension for WindowsStandalone target not found
Refreshing native plugins compatible for Editor in 0.53 ms, found 3 plugins.
Preloading 0 native plugins for Editor in 0.00 ms.
Mono: successfully reloaded assembly
- Completed reload, in  1.142 seconds
Domain Reload Profiling:
	ReloadAssembly (1142ms)
		BeginReloadAssembly (117ms)
			ExecutionOrderSort (0ms)
			DisableScriptedObjects (5ms)
			BackupInstance (0ms)
			ReleaseScriptingObjects (0ms)
			CreateAndSetChildDomain (33ms)
		EndReloadAssembly (960ms)
			LoadAssemblies (111ms)
			RebuildTransferFunctionScriptingTraits (0ms)
			SetupTypeCache (300ms)
			ReleaseScriptCaches (1ms)
			RebuildScriptCaches (46ms)
			SetupLoadedEditorAssemblies (388ms)
				LogAssemblyErrors (0ms)
				InitializePlatformSupportModulesInManaged (4ms)
				SetLoadedEditorAssemblies (0ms)
				RefreshPlugins (1ms)
				BeforeProcessingInitializeOnLoad (147ms)
				ProcessInitializeOnLoadAttributes (225ms)
				ProcessInitializeOnLoadMethodAttributes (6ms)
				AfterProcessingInitializeOnLoad (6ms)
				EditorAssembliesLoaded (0ms)
			ExecutionOrderSort2 (0ms)
			AwakeInstancesAfterBackupRestoration (11ms)
Platform modules already initialized, skipping
Refreshing native plugins compatible for Editor in 0.55 ms, found 3 plugins.
Preloading 0 native plugins for Editor in 0.00 ms.
Unloading 2558 Unused Serialized files (Serialized files now loaded: 0)
System memory in use before: 109.9 MB.
System memory in use after: 110.1 MB.

Unloading 15 unused Assets to reduce memory usage. Loaded Objects now: 3033.
Total: 4.091200 ms (FindLiveObjects: 0.311900 ms CreateObjectMapping: 0.100800 ms MarkObjects: 3.651000 ms  DeleteObjects: 0.026200 ms)

AssetImportParameters requested are different than current active one (requested -> active):
  custom:framework-win-MediaFoundation: 216162199b28c13a410421893ffa2e32 -> 
  custom:video-decoder-ogg-theora: a1e56fd34408186e4bbccfd4996cb3dc -> 
  custom:container-muxer-webm: aa71ff27fc2769a1b78a27578f13a17b -> 
  custom:container-demuxer-webm: 4f35f7cbe854078d1ac9338744f61a02 -> 
  custom:container-demuxer-ogg: 62fdf1f143b41e24485cea50d1cbac27 -> 
  custom:video-encoder-webm-vp8: eb34c28f22e8b96e1ab97ce403110664 -> 
  custom:video-codec-MediaFoundation-h265: 746d11721c4dcdbdad8f713fa42b33f4 -> 
  custom:video-decoder-webm-vp8: 9c59270c3fd7afecdb556c50c9e8de78 -> 
  custom:audio-decoder-ogg-vorbis: bf7c407c2cedff20999df2af8eb42d56 -> 
  custom:audio-encoder-webm-vorbis: bf7c407c2cedff20999df2af8eb42d56 -> 
========================================================================
Received Prepare
Registering precompiled user dll's ...
Registered in 0.004649 seconds.
Begin MonoManager ReloadAssembly
Native extension for WindowsStandalone target not found
Refreshing native plugins compatible for Editor in 0.60 ms, found 3 plugins.
Preloading 0 native plugins for Editor in 0.00 ms.
Mono: successfully reloaded assembly
- Completed reload, in  1.480 seconds
Domain Reload Profiling:
	ReloadAssembly (1486ms)
		BeginReloadAssembly (227ms)
			ExecutionOrderSort (0ms)
			DisableScriptedObjects (21ms)
			BackupInstance (0ms)
			ReleaseScriptingObjects (0ms)
			CreateAndSetChildDomain (107ms)
		EndReloadAssembly (1180ms)
			LoadAssemblies (134ms)
			RebuildTransferFunctionScriptingTraits (0ms)
			SetupTypeCache (316ms)
			ReleaseScriptCaches (1ms)
			RebuildScriptCaches (47ms)
			SetupLoadedEditorAssemblies (548ms)
				LogAssemblyErrors (0ms)
				InitializePlatformSupportModulesInManaged (4ms)
				SetLoadedEditorAssemblies (0ms)
				RefreshPlugins (1ms)
				BeforeProcessingInitializeOnLoad (156ms)
				ProcessInitializeOnLoadAttributes (374ms)
				ProcessInitializeOnLoadMethodAttributes (6ms)
				AfterProcessingInitializeOnLoad (6ms)
				EditorAssembliesLoaded (0ms)
			ExecutionOrderSort2 (0ms)
			AwakeInstancesAfterBackupRestoration (9ms)
Platform modules already initialized, skipping
Refreshing native plugins compatible for Editor in 0.57 ms, found 3 plugins.
Preloading 0 native plugins for Editor in 0.00 ms.
Unloading 2558 Unused Serialized files (Serialized files now loaded: 0)
System memory in use before: 109.9 MB.
System memory in use after: 110.1 MB.

Unloading 15 unused Assets to reduce memory usage. Loaded Objects now: 3036.
Total: 4.561500 ms (FindLiveObjects: 0.628400 ms CreateObjectMapping: 0.086300 ms MarkObjects: 3.818000 ms  DeleteObjects: 0.025200 ms)

AssetImportParameters requested are different than current active one (requested -> active):
  custom:framework-win-MediaFoundation: 216162199b28c13a410421893ffa2e32 -> 
  custom:video-decoder-ogg-theora: a1e56fd34408186e4bbccfd4996cb3dc -> 
  custom:container-muxer-webm: aa71ff27fc2769a1b78a27578f13a17b -> 
  custom:container-demuxer-webm: 4f35f7cbe854078d1ac9338744f61a02 -> 
  custom:container-demuxer-ogg: 62fdf1f143b41e24485cea50d1cbac27 -> 
  custom:video-encoder-webm-vp8: eb34c28f22e8b96e1ab97ce403110664 -> 
  custom:video-codec-MediaFoundation-h265: 746d11721c4dcdbdad8f713fa42b33f4 -> 
  custom:video-decoder-webm-vp8: 9c59270c3fd7afecdb556c50c9e8de78 -> 
  custom:audio-decoder-ogg-vorbis: bf7c407c2cedff20999df2af8eb42d56 -> 
  custom:audio-encoder-webm-vorbis: bf7c407c2cedff20999df2af8eb42d56 -> 
========================================================================
Received Import Request.
  Time since last request: 6848.015280 seconds.
  path: Assets/PlayerInput.inputactions
  artifactKey: Guid(8c70140c01ae9d9498f003ac6266939c) Importer(815301076,1909f56bfc062723c751e8b465ee728b)
Start importing Assets/PlayerInput.inputactions using Guid(8c70140c01ae9d9498f003ac6266939c) Importer(815301076,1909f56bfc062723c751e8b465ee728b)  -> (artifact id: 'f46e3a84dc3f783efb64518c75581e8f') in 0.048851 seconds 
  Import took 0.054093 seconds .

========================================================================
Received Import Request.
  Time since last request: 0.000892 seconds.
  path: Assets/PlayerInput.inputactions
  artifactKey: Guid(8c70140c01ae9d9498f003ac6266939c) Importer(815301076,1909f56bfc062723c751e8b465ee728b)
Start importing Assets/PlayerInput.inputactions using Guid(8c70140c01ae9d9498f003ac6266939c) Importer(815301076,1909f56bfc062723c751e8b465ee728b)  -> (artifact id: 'f46e3a84dc3f783efb64518c75581e8f') in 0.004351 seconds 
  Import took 0.008094 seconds .

========================================================================
Received Import Request.
  Time since last request: 1332.671287 seconds.
  path: Assets/PlayerInput.inputactions
  artifactKey: Guid(8c70140c01ae9d9498f003ac6266939c) Importer(815301076,1909f56bfc062723c751e8b465ee728b)
Start importing Assets/PlayerInput.inputactions using Guid(8c70140c01ae9d9498f003ac6266939c) Importer(815301076,1909f56bfc062723c751e8b465ee728b)  -> (artifact id: 'df26b5645e477a9b652e0c3a4e5eb8d9') in 0.007247 seconds 
  Import took 0.012206 seconds .

========================================================================
Received Import Request.
  Time since last request: 0.002136 seconds.
  path: Assets/PlayerInput.inputactions
  artifactKey: Guid(8c70140c01ae9d9498f003ac6266939c) Importer(815301076,1909f56bfc062723c751e8b465ee728b)
Start importing Assets/PlayerInput.inputactions using Guid(8c70140c01ae9d9498f003ac6266939c) Importer(815301076,1909f56bfc062723c751e8b465ee728b)  -> (artifact id: 'df26b5645e477a9b652e0c3a4e5eb8d9') in 0.006181 seconds 
  Import took 0.010277 seconds .

========================================================================
Received Import Request.
  Time since last request: 4.688972 seconds.
  path: Assets/PlayerInput.inputactions
  artifactKey: Guid(8c70140c01ae9d9498f003ac6266939c) Importer(815301076,1909f56bfc062723c751e8b465ee728b)
Start importing Assets/PlayerInput.inputactions using Guid(8c70140c01ae9d9498f003ac6266939c) Importer(815301076,1909f56bfc062723c751e8b465ee728b)  -> (artifact id: '2c2a98a67747d333fcd7ae65cce3a36c') in 0.004858 seconds 
  Import took 0.009070 seconds .

========================================================================
Received Prepare
Registering precompiled user dll's ...
Registered in 0.005230 seconds.
Begin MonoManager ReloadAssembly
Native extension for WindowsStandalone target not found
Refreshing native plugins compatible for Editor in 0.92 ms, found 3 plugins.
Preloading 0 native plugins for Editor in 0.00 ms.
Mono: successfully reloaded assembly
- Completed reload, in  1.185 seconds
Domain Reload Profiling:
	ReloadAssembly (1186ms)
		BeginReloadAssembly (117ms)
			ExecutionOrderSort (0ms)
			DisableScriptedObjects (6ms)
			BackupInstance (0ms)
			ReleaseScriptingObjects (0ms)
			CreateAndSetChildDomain (33ms)
		EndReloadAssembly (1004ms)
			LoadAssemblies (107ms)
			RebuildTransferFunctionScriptingTraits (0ms)
			SetupTypeCache (293ms)
			ReleaseScriptCaches (1ms)
			RebuildScriptCaches (48ms)
			SetupLoadedEditorAssemblies (437ms)
				LogAssemblyErrors (0ms)
				InitializePlatformSupportModulesInManaged (4ms)
				SetLoadedEditorAssemblies (0ms)
				RefreshPlugins (1ms)
				BeforeProcessingInitializeOnLoad (153ms)
				ProcessInitializeOnLoadAttributes (266ms)
				ProcessInitializeOnLoadMethodAttributes (5ms)
				AfterProcessingInitializeOnLoad (6ms)
				EditorAssembliesLoaded (0ms)
			ExecutionOrderSort2 (0ms)
			AwakeInstancesAfterBackupRestoration (10ms)
Platform modules already initialized, skipping
Refreshing native plugins compatible for Editor in 0.63 ms, found 3 plugins.
Preloading 0 native plugins for Editor in 0.00 ms.
Unloading 2559 Unused Serialized files (Serialized files now loaded: 0)
System memory in use before: 109.9 MB.
System memory in use after: 110.2 MB.

Unloading 15 unused Assets to reduce memory usage. Loaded Objects now: 3040.
Total: 4.813100 ms (FindLiveObjects: 0.410000 ms CreateObjectMapping: 0.250000 ms MarkObjects: 4.120600 ms  DeleteObjects: 0.030200 ms)

AssetImportParameters requested are different than current active one (requested -> active):
  custom:framework-win-MediaFoundation: 216162199b28c13a410421893ffa2e32 -> 
  custom:video-decoder-ogg-theora: a1e56fd34408186e4bbccfd4996cb3dc -> 
  custom:container-muxer-webm: aa71ff27fc2769a1b78a27578f13a17b -> 
  custom:container-demuxer-webm: 4f35f7cbe854078d1ac9338744f61a02 -> 
  custom:container-demuxer-ogg: 62fdf1f143b41e24485cea50d1cbac27 -> 
  custom:video-encoder-webm-vp8: eb34c28f22e8b96e1ab97ce403110664 -> 
  custom:video-codec-MediaFoundation-h265: 746d11721c4dcdbdad8f713fa42b33f4 -> 
  custom:video-decoder-webm-vp8: 9c59270c3fd7afecdb556c50c9e8de78 -> 
  custom:audio-decoder-ogg-vorbis: bf7c407c2cedff20999df2af8eb42d56 -> 
  custom:audio-encoder-webm-vorbis: bf7c407c2cedff20999df2af8eb42d56 -> 
========================================================================
Received Import Request.
  Time since last request: 10.150935 seconds.
  path: Assets/Top Down Adventure Assets
  artifactKey: Guid(ac83464882efbe845a4d34bf595bb077) Importer(815301076,1909f56bfc062723c751e8b465ee728b)
Start importing Assets/Top Down Adventure Assets using Guid(ac83464882efbe845a4d34bf595bb077) Importer(815301076,1909f56bfc062723c751e8b465ee728b)  -> (artifact id: '61258c7e37299879e2ebf449f2313e65') in 0.013229 seconds 
  Import took 0.016910 seconds .

========================================================================
Received Import Request.
  Time since last request: 1.771937 seconds.
  path: Assets/Top Down Adventure Assets/Visuals
  artifactKey: Guid(18e176040252547b0b2ae7537d361325) Importer(815301076,1909f56bfc062723c751e8b465ee728b)
Start importing Assets/Top Down Adventure Assets/Visuals using Guid(18e176040252547b0b2ae7537d361325) Importer(815301076,1909f56bfc062723c751e8b465ee728b)  -> (artifact id: '69d10821a78fa1fca71e1fb53ec08661') in 0.009023 seconds 
  Import took 0.013492 seconds .

========================================================================
Received Import Request.
  Time since last request: 1.480397 seconds.
  path: Assets/Top Down Adventure Assets/Visuals/CHARACTERS
  artifactKey: Guid(98051adc007eb4b15bd97496309f5f89) Importer(815301076,1909f56bfc062723c751e8b465ee728b)
Start importing Assets/Top Down Adventure Assets/Visuals/CHARACTERS using Guid(98051adc007eb4b15bd97496309f5f89) Importer(815301076,1909f56bfc062723c751e8b465ee728b)  -> (artifact id: 'd0555fdbd1fc6f8914096a46eadac510') in 0.010157 seconds 
  Import took 0.013747 seconds .

========================================================================
Received Import Request.
  Time since last request: 1.259016 seconds.
  path: Assets/Top Down Adventure Assets/Visuals/CHARACTERS/player
  artifactKey: Guid(6149e7df742ca49de8541302ba1869a7) Importer(815301076,1909f56bfc062723c751e8b465ee728b)
Start importing Assets/Top Down Adventure Assets/Visuals/CHARACTERS/player using Guid(6149e7df742ca49de8541302ba1869a7) Importer(815301076,1909f56bfc062723c751e8b465ee728b)  -> (artifact id: 'eff902b82d312a5807fa1b3b1b81d953') in 0.007559 seconds 
  Import took 0.018174 seconds .

========================================================================
Received Import Request.
  Time since last request: 0.056980 seconds.
  path: Assets/Top Down Adventure Assets/Visuals/CHARACTERS/player/hero1.png
  artifactKey: Guid(78d03ce1d36c540d5a183e4b042d3afb) Importer(815301076,1909f56bfc062723c751e8b465ee728b)
Start importing Assets/Top Down Adventure Assets/Visuals/CHARACTERS/player/hero1.png using Guid(78d03ce1d36c540d5a183e4b042d3afb) Importer(815301076,1909f56bfc062723c751e8b465ee728b)  -> (artifact id: '13e10ece6a6c742bf0c32de2735e04fe') in 0.131669 seconds 
  Import took 0.135663 seconds .

========================================================================
Received Import Request.
  Time since last request: 0.000193 seconds.
  path: Assets/Top Down Adventure Assets/Visuals/CHARACTERS/player/hero3.png
  artifactKey: Guid(bdcdc3843a6a8425d81b0583faf6e314) Importer(815301076,1909f56bfc062723c751e8b465ee728b)
Start importing Assets/Top Down Adventure Assets/Visuals/CHARACTERS/player/hero3.png using Guid(bdcdc3843a6a8425d81b0583faf6e314) Importer(815301076,1909f56bfc062723c751e8b465ee728b)  -> (artifact id: '946c71a059ea889ed68993834a2b4c31') in 0.023500 seconds 
  Import took 0.027182 seconds .

========================================================================
Received Import Request.
  Time since last request: 0.000197 seconds.
  path: Assets/Top Down Adventure Assets/Visuals/CHARACTERS/player/hero7.png
  artifactKey: Guid(63a766a7f307f49409668b84d9dd5cb0) Importer(815301076,1909f56bfc062723c751e8b465ee728b)
Start importing Assets/Top Down Adventure Assets/Visuals/CHARACTERS/player/hero7.png using Guid(63a766a7f307f49409668b84d9dd5cb0) Importer(815301076,1909f56bfc062723c751e8b465ee728b)  -> (artifact id: '9b03ba70681c26d7e7f468e16fc1f833') in 0.020868 seconds 
  Import took 0.025570 seconds .

========================================================================
Received Import Request.
  Time since last request: 0.000425 seconds.
  path: Assets/Top Down Adventure Assets/Visuals/CHARACTERS/player/hero13.png
  artifactKey: Guid(27f23eab49f3b418e91095d09e5f8a25) Importer(815301076,1909f56bfc062723c751e8b465ee728b)
Start importing Assets/Top Down Adventure Assets/Visuals/CHARACTERS/player/hero13.png using Guid(27f23eab49f3b418e91095d09e5f8a25) Importer(815301076,1909f56bfc062723c751e8b465ee728b)  -> (artifact id: '59041415ff243f1964ec54e441142dc5') in 0.021853 seconds 
  Import took 0.026173 seconds .

========================================================================
Received Import Request.
  Time since last request: 0.000209 seconds.
  path: Assets/Top Down Adventure Assets/Visuals/CHARACTERS/player/hero5.png
  artifactKey: Guid(52d98e63e7cbd42588ef0271b3435a31) Importer(815301076,1909f56bfc062723c751e8b465ee728b)
Start importing Assets/Top Down Adventure Assets/Visuals/CHARACTERS/player/hero5.png using Guid(52d98e63e7cbd42588ef0271b3435a31) Importer(815301076,1909f56bfc062723c751e8b465ee728b)  -> (artifact id: '21b9013037118c27214f095b0e84be19') in 0.021601 seconds 
  Import took 0.026501 seconds .

========================================================================
Received Import Request.
  Time since last request: 0.000268 seconds.
  path: Assets/Top Down Adventure Assets/Visuals/CHARACTERS/player/hero11.png
  artifactKey: Guid(014025c11e3b5474191e83f66dd5f8d1) Importer(815301076,1909f56bfc062723c751e8b465ee728b)
Start importing Assets/Top Down Adventure Assets/Visuals/CHARACTERS/player/hero11.png using Guid(014025c11e3b5474191e83f66dd5f8d1) Importer(815301076,1909f56bfc062723c751e8b465ee728b)  -> (artifact id: '8baa4133c92a0e90a4674d0940b7db16') in 0.021293 seconds 
  Import took 0.025307 seconds .

========================================================================
Received Import Request.
  Time since last request: 0.000283 seconds.
  path: Assets/Top Down Adventure Assets/Visuals/CHARACTERS/player/hero2.png
  artifactKey: Guid(22e2e266842ee4be99cc17a825471e49) Importer(815301076,1909f56bfc062723c751e8b465ee728b)
Start importing Assets/Top Down Adventure Assets/Visuals/CHARACTERS/player/hero2.png using Guid(22e2e266842ee4be99cc17a825471e49) Importer(815301076,1909f56bfc062723c751e8b465ee728b)  -> (artifact id: '581e57abad81ebcc6dc81420831ae247') in 0.022748 seconds 
  Import took 0.027109 seconds .

========================================================================
Received Import Request.
  Time since last request: 0.000205 seconds.
  path: Assets/Top Down Adventure Assets/Visuals/CHARACTERS/player/hero15.png
  artifactKey: Guid(3aef8abc03ec1473f880af90e3a363b1) Importer(815301076,1909f56bfc062723c751e8b465ee728b)
Start importing Assets/Top Down Adventure Assets/Visuals/CHARACTERS/player/hero15.png using Guid(3aef8abc03ec1473f880af90e3a363b1) Importer(815301076,1909f56bfc062723c751e8b465ee728b)  -> (artifact id: '70d044e2081cb1800b687812c28dc40a') in 0.020377 seconds 
  Import took 0.024930 seconds .

========================================================================
Received Import Request.
  Time since last request: 0.000190 seconds.
  path: Assets/Top Down Adventure Assets/Visuals/CHARACTERS/player/hero4.png
  artifactKey: Guid(cb4963a6ba6b54620a996fd8cace9c00) Importer(815301076,1909f56bfc062723c751e8b465ee728b)
Start importing Assets/Top Down Adventure Assets/Visuals/CHARACTERS/player/hero4.png using Guid(cb4963a6ba6b54620a996fd8cace9c00) Importer(815301076,1909f56bfc062723c751e8b465ee728b)  -> (artifact id: '06ed15a5c338b20a9c763c2b977926d6') in 0.021960 seconds 
  Import took 0.027384 seconds .

========================================================================
Received Import Request.
  Time since last request: 0.000215 seconds.
  path: Assets/Top Down Adventure Assets/Visuals/CHARACTERS/player/hero10.png
  artifactKey: Guid(13fdaf175205e4b59bae159aecf31378) Importer(815301076,1909f56bfc062723c751e8b465ee728b)
Start importing Assets/Top Down Adventure Assets/Visuals/CHARACTERS/player/hero10.png using Guid(13fdaf175205e4b59bae159aecf31378) Importer(815301076,1909f56bfc062723c751e8b465ee728b)  -> (artifact id: '5839216ff602efacc4c513370759ab86') in 0.022836 seconds 
  Import took 0.026813 seconds .

========================================================================
Received Import Request.
  Time since last request: 0.000242 seconds.
  path: Assets/Top Down Adventure Assets/Visuals/CHARACTERS/player/hero12.png
  artifactKey: Guid(53e054d5dfb5a40b68499e10f70d27b2) Importer(815301076,1909f56bfc062723c751e8b465ee728b)
Start importing Assets/Top Down Adventure Assets/Visuals/CHARACTERS/player/hero12.png using Guid(53e054d5dfb5a40b68499e10f70d27b2) Importer(815301076,1909f56bfc062723c751e8b465ee728b)  -> (artifact id: '369faee815d53cfbf394937ce9930fc9') in 0.021773 seconds 
  Import took 0.026451 seconds .

========================================================================
Received Import Request.
  Time since last request: 0.000221 seconds.
  path: Assets/Top Down Adventure Assets/Visuals/CHARACTERS/player/hero6.png
  artifactKey: Guid(5fc61cef57bfe4c9395f3c76753f4ac7) Importer(815301076,1909f56bfc062723c751e8b465ee728b)
Start importing Assets/Top Down Adventure Assets/Visuals/CHARACTERS/player/hero6.png using Guid(5fc61cef57bfe4c9395f3c76753f4ac7) Importer(815301076,1909f56bfc062723c751e8b465ee728b)  -> (artifact id: '7a8d02405a6f25d2730368e55ca5f112') in 0.022407 seconds 
  Import took 0.026332 seconds .

========================================================================
Received Import Request.
  Time since last request: 0.000208 seconds.
  path: Assets/Top Down Adventure Assets/Visuals/CHARACTERS/player/hero8.png
  artifactKey: Guid(692a95cc32e5244afb81ab5da96f50b4) Importer(815301076,1909f56bfc062723c751e8b465ee728b)
Start importing Assets/Top Down Adventure Assets/Visuals/CHARACTERS/player/hero8.png using Guid(692a95cc32e5244afb81ab5da96f50b4) Importer(815301076,1909f56bfc062723c751e8b465ee728b)  -> (artifact id: '5df4bff95471c786a9fbe3930ea474a5') in 0.021749 seconds 
  Import took 0.027026 seconds .

========================================================================
Received Import Request.
  Time since last request: 0.000541 seconds.
  path: Assets/Top Down Adventure Assets/Visuals/CHARACTERS/player/hero6.png
  artifactKey: Guid(5fc61cef57bfe4c9395f3c76753f4ac7) Importer(815301076,1909f56bfc062723c751e8b465ee728b)
Start importing Assets/Top Down Adventure Assets/Visuals/CHARACTERS/player/hero6.png using Guid(5fc61cef57bfe4c9395f3c76753f4ac7) Importer(815301076,1909f56bfc062723c751e8b465ee728b)  -> (artifact id: '7a8d02405a6f25d2730368e55ca5f112') in 0.011306 seconds 
  Import took 0.016725 seconds .

========================================================================
Received Import Request.
  Time since last request: 0.000463 seconds.
  path: Assets/Top Down Adventure Assets/Visuals/CHARACTERS/player/hero9.png
  artifactKey: Guid(4643618a4cdd243cfbfdc8c12a87fb21) Importer(815301076,1909f56bfc062723c751e8b465ee728b)
Start importing Assets/Top Down Adventure Assets/Visuals/CHARACTERS/player/hero9.png using Guid(4643618a4cdd243cfbfdc8c12a87fb21) Importer(815301076,1909f56bfc062723c751e8b465ee728b)  -> (artifact id: '498d4b007bde6d42a0552d9860d15f40') in 0.021119 seconds 
  Import took 0.025717 seconds .

========================================================================
Received Import Request.
  Time since last request: 0.000179 seconds.
  path: Assets/Top Down Adventure Assets/Visuals/CHARACTERS/player/hero14.png
  artifactKey: Guid(4d508d8d94fd047669c24145927db629) Importer(815301076,1909f56bfc062723c751e8b465ee728b)
Start importing Assets/Top Down Adventure Assets/Visuals/CHARACTERS/player/hero14.png using Guid(4d508d8d94fd047669c24145927db629) Importer(815301076,1909f56bfc062723c751e8b465ee728b)  -> (artifact id: '4d2981d4340329bbf512043d698e27b2') in 0.022476 seconds 
  Import took 0.027585 seconds .

========================================================================
Received Import Request.
  Time since last request: 185.866418 seconds.
  path: Assets/PlayerInput.cs
  artifactKey: Guid(764caf28b2bd2934fb4a8a4e8feaf685) Importer(815301076,1909f56bfc062723c751e8b465ee728b)
Start importing Assets/PlayerInput.cs using Guid(764caf28b2bd2934fb4a8a4e8feaf685) Importer(815301076,1909f56bfc062723c751e8b465ee728b)  -> (artifact id: '62d9c7e68d7b5a35f21cc4f1844e3304') in 0.003819 seconds 
  Import took 0.008763 seconds .

========================================================================
Received Import Request.
  Time since last request: 0.000727 seconds.
  path: Assets/PlayerInput.cs
  artifactKey: Guid(764caf28b2bd2934fb4a8a4e8feaf685) Importer(815301076,1909f56bfc062723c751e8b465ee728b)
Start importing Assets/PlayerInput.cs using Guid(764caf28b2bd2934fb4a8a4e8feaf685) Importer(815301076,1909f56bfc062723c751e8b465ee728b)  -> (artifact id: '62d9c7e68d7b5a35f21cc4f1844e3304') in 0.003152 seconds 
  Import took 0.007468 seconds .

========================================================================
Received Prepare
Registering precompiled user dll's ...
Registered in 0.005095 seconds.
Begin MonoManager ReloadAssembly
Native extension for WindowsStandalone target not found
Refreshing native plugins compatible for Editor in 0.58 ms, found 3 plugins.
Preloading 0 native plugins for Editor in 0.00 ms.
Mono: successfully reloaded assembly
- Completed reload, in  1.118 seconds
Domain Reload Profiling:
	ReloadAssembly (1118ms)
		BeginReloadAssembly (129ms)
			ExecutionOrderSort (0ms)
			DisableScriptedObjects (7ms)
			BackupInstance (0ms)
			ReleaseScriptingObjects (0ms)
			CreateAndSetChildDomain (46ms)
		EndReloadAssembly (924ms)
			LoadAssemblies (109ms)
			RebuildTransferFunctionScriptingTraits (0ms)
			SetupTypeCache (270ms)
			ReleaseScriptCaches (1ms)
			RebuildScriptCaches (44ms)
			SetupLoadedEditorAssemblies (384ms)
				LogAssemblyErrors (0ms)
				InitializePlatformSupportModulesInManaged (4ms)
				SetLoadedEditorAssemblies (0ms)
				RefreshPlugins (1ms)
				BeforeProcessingInitializeOnLoad (148ms)
				ProcessInitializeOnLoadAttributes (219ms)
				ProcessInitializeOnLoadMethodAttributes (6ms)
				AfterProcessingInitializeOnLoad (6ms)
				EditorAssembliesLoaded (0ms)
			ExecutionOrderSort2 (0ms)
			AwakeInstancesAfterBackupRestoration (10ms)
Platform modules already initialized, skipping
Refreshing native plugins compatible for Editor in 0.58 ms, found 3 plugins.
Preloading 0 native plugins for Editor in 0.00 ms.
Unloading 2559 Unused Serialized files (Serialized files now loaded: 0)
System memory in use before: 112.8 MB.
System memory in use after: 113.0 MB.

Unloading 15 unused Assets to reduce memory usage. Loaded Objects now: 3049.
Total: 3.736400 ms (FindLiveObjects: 0.325500 ms CreateObjectMapping: 0.079000 ms MarkObjects: 3.312800 ms  DeleteObjects: 0.017700 ms)

AssetImportParameters requested are different than current active one (requested -> active):
  custom:framework-win-MediaFoundation: 216162199b28c13a410421893ffa2e32 -> 
  custom:video-decoder-ogg-theora: a1e56fd34408186e4bbccfd4996cb3dc -> 
  custom:container-muxer-webm: aa71ff27fc2769a1b78a27578f13a17b -> 
  custom:container-demuxer-webm: 4f35f7cbe854078d1ac9338744f61a02 -> 
  custom:container-demuxer-ogg: 62fdf1f143b41e24485cea50d1cbac27 -> 
  custom:video-encoder-webm-vp8: eb34c28f22e8b96e1ab97ce403110664 -> 
  custom:video-codec-MediaFoundation-h265: 746d11721c4dcdbdad8f713fa42b33f4 -> 
  custom:video-decoder-webm-vp8: 9c59270c3fd7afecdb556c50c9e8de78 -> 
  custom:audio-decoder-ogg-vorbis: bf7c407c2cedff20999df2af8eb42d56 -> 
  custom:audio-encoder-webm-vorbis: bf7c407c2cedff20999df2af8eb42d56 -> 
========================================================================
Received Prepare
Registering precompiled user dll's ...
Registered in 0.004198 seconds.
Begin MonoManager ReloadAssembly
Native extension for WindowsStandalone target not found
Refreshing native plugins compatible for Editor in 0.54 ms, found 3 plugins.
Preloading 0 native plugins for Editor in 0.00 ms.
Mono: successfully reloaded assembly
- Completed reload, in  1.160 seconds
Domain Reload Profiling:
	ReloadAssembly (1160ms)
		BeginReloadAssembly (126ms)
			ExecutionOrderSort (0ms)
			DisableScriptedObjects (6ms)
			BackupInstance (0ms)
			ReleaseScriptingObjects (0ms)
			CreateAndSetChildDomain (34ms)
		EndReloadAssembly (961ms)
			LoadAssemblies (121ms)
			RebuildTransferFunctionScriptingTraits (0ms)
			SetupTypeCache (284ms)
			ReleaseScriptCaches (1ms)
			RebuildScriptCaches (44ms)
			SetupLoadedEditorAssemblies (398ms)
				LogAssemblyErrors (0ms)
				InitializePlatformSupportModulesInManaged (5ms)
				SetLoadedEditorAssemblies (0ms)
				RefreshPlugins (1ms)
				BeforeProcessingInitializeOnLoad (151ms)
				ProcessInitializeOnLoadAttributes (228ms)
				ProcessInitializeOnLoadMethodAttributes (7ms)
				AfterProcessingInitializeOnLoad (6ms)
				EditorAssembliesLoaded (0ms)
			ExecutionOrderSort2 (0ms)
			AwakeInstancesAfterBackupRestoration (11ms)
Platform modules already initialized, skipping
Refreshing native plugins compatible for Editor in 0.54 ms, found 3 plugins.
Preloading 0 native plugins for Editor in 0.00 ms.
Unloading 2519 Unused Serialized files (Serialized files now loaded: 0)
System memory in use before: 112.1 MB.
System memory in use after: 112.3 MB.

Unloading 14 unused Assets to reduce memory usage. Loaded Objects now: 3052.
Total: 3.579800 ms (FindLiveObjects: 0.312700 ms CreateObjectMapping: 0.094500 ms MarkObjects: 3.147400 ms  DeleteObjects: 0.022800 ms)

AssetImportParameters requested are different than current active one (requested -> active):
  custom:framework-win-MediaFoundation: 216162199b28c13a410421893ffa2e32 -> 
  custom:video-decoder-ogg-theora: a1e56fd34408186e4bbccfd4996cb3dc -> 
  custom:container-muxer-webm: aa71ff27fc2769a1b78a27578f13a17b -> 
  custom:container-demuxer-webm: 4f35f7cbe854078d1ac9338744f61a02 -> 
  custom:container-demuxer-ogg: 62fdf1f143b41e24485cea50d1cbac27 -> 
  custom:video-encoder-webm-vp8: eb34c28f22e8b96e1ab97ce403110664 -> 
  custom:video-codec-MediaFoundation-h265: 746d11721c4dcdbdad8f713fa42b33f4 -> 
  custom:video-decoder-webm-vp8: 9c59270c3fd7afecdb556c50c9e8de78 -> 
  custom:audio-decoder-ogg-vorbis: bf7c407c2cedff20999df2af8eb42d56 -> 
  custom:audio-encoder-webm-vorbis: bf7c407c2cedff20999df2af8eb42d56 -> 
AssetImportWorkerClient::OnTransportError - code=2 error=End of file
